<?xml version="1.0" encoding="UTF-8"?>
<testng-results ignored="0" total="1" passed="1" failed="0" skipped="0">
  <reporter-output>
  </reporter-output>
  <suite started-at="2018-10-01T06:13:03Z" name="Default suite" finished-at="2018-10-01T06:13:03Z" duration-ms="62">
    <groups>
    </groups>
    <test started-at="2018-10-01T06:13:03Z" name="Default test" finished-at="2018-10-01T06:13:03Z" duration-ms="62">
      <class name="Sample_Data.TestProperties">
        <test-method signature="init()[pri:0, instance:Sample_Data.TestProperties@e4487af]" started-at="2018-10-01T06:13:03Z" name="init" finished-at="2018-10-01T06:13:03Z" duration-ms="18" status="PASS">
          <reporter-output>
          </reporter-output>
        </test-method> <!-- init -->
      </class> <!-- Sample_Data.TestProperties -->
    </test> <!-- Default test -->
  </suite> <!-- Default suite -->
</testng-results>
